<?xml version="1.0" encoding="UTF-8"?>
<testng-results skipped="0" failed="0" total="1" passed="1">
  <reporter-output>
  </reporter-output>
  <suite name="Default suite" duration-ms="71724" started-at="2018-09-13T11:29:21Z" finished-at="2018-09-13T11:30:32Z">
    <groups>
    </groups>
    <test name="Default test" duration-ms="71724" started-at="2018-09-13T11:29:21Z" finished-at="2018-09-13T11:30:32Z">
      <class name="com.test.Imdbtest">
        <test-method status="PASS" signature="method1()[pri:0, instance:com.test.Imdbtest@55f3ddb1]" name="method1" is-config="true" duration-ms="38028" started-at="2018-09-13T16:59:21Z" finished-at="2018-09-13T16:59:59Z">
          <reporter-output>
          </reporter-output>
        </test-method> <!-- method1 -->
        <test-method status="PASS" signature="InsertMovieDataToDatabse()[pri:0, instance:com.test.Imdbtest@55f3ddb1]" name="InsertMovieDataToDatabse" duration-ms="31496" started-at="2018-09-13T16:59:59Z" finished-at="2018-09-13T17:00:30Z">
          <reporter-output>
          </reporter-output>
        </test-method> <!-- InsertMovieDataToDatabse -->
        <test-method status="PASS" signature="method2()[pri:0, instance:com.test.Imdbtest@55f3ddb1]" name="method2" is-config="true" duration-ms="2173" started-at="2018-09-13T17:00:30Z" finished-at="2018-09-13T17:00:32Z">
          <reporter-output>
          </reporter-output>
        </test-method> <!-- method2 -->
      </class> <!-- com.test.Imdbtest -->
    </test> <!-- Default test -->
  </suite> <!-- Default suite -->
</testng-results>
